Reading netlist file: "C:\Users\trashcan\Documents\Gowin\CM3_AHB_LED\impl\gwsynthesis\CM3_AHB_LED.vg"
Parsing netlist file "C:\Users\trashcan\Documents\Gowin\CM3_AHB_LED\impl\gwsynthesis\CM3_AHB_LED.vg" completed
Processing netlist completed
Reading constraint file: "C:\Users\trashcan\Documents\Gowin\CM3_AHB_LED\src\CM3_AHB_LED.cst"
Physical Constraint parsed completed
Running placement......
[10%] Placement Phase 0 completed
[20%] Placement Phase 1 completed
[30%] Placement Phase 2 completed
[50%] Placement Phase 3 completed
Running routing......
[60%] Routing Phase 0 completed
[70%] Routing Phase 1 completed
[80%] Routing Phase 2 completed
WARN  (PR1014) : Generic routing resource will be used to clock signal 'xtal_clk_d' by the specified constraint. And then it may lead to the excessive delay or skew
[90%] Routing Phase 3 completed
Running timing analysis......
[95%] Timing analysis completed
Placement and routing completed
Bitstream generation in progress......
Bitstream generation completed
Running power analysis......
[100%] Power analysis completed
Generate file "C:\Users\trashcan\Documents\Gowin\CM3_AHB_LED\impl\pnr\CM3_AHB_LED.power.html" completed
Generate file "C:\Users\trashcan\Documents\Gowin\CM3_AHB_LED\impl\pnr\CM3_AHB_LED.pin.html" completed
Generate file "C:\Users\trashcan\Documents\Gowin\CM3_AHB_LED\impl\pnr\CM3_AHB_LED.rpt.html" completed
Generate file "C:\Users\trashcan\Documents\Gowin\CM3_AHB_LED\impl\pnr\CM3_AHB_LED.rpt.txt" completed
Generate file "C:\Users\trashcan\Documents\Gowin\CM3_AHB_LED\impl\pnr\CM3_AHB_LED.tr.html" completed
Mon Jun 13 01:07:13 2022

